Build started 12/19/2018 9:24:07 PM.
     1>Project "C:\Users\user\Downloads\PIE2018\PIE2018\PIE2018.vcxproj" on node 2 (Build target(s)).
     1>Link:
         C:\Program Files (x86)\Microsoft Visual Studio 14.0\VC\bin\link.exe /ERRORREPORT:PROMPT /OUT:"C:\Users\user\Downloads\PIE2018\Release\PIE2018.exe" /INCREMENTAL:NO /NOLOGO /LIBPATH:../Library/opencv/install/x64/vc14/lib opencv_world344.lib opencv_world344d.lib kernel32.lib user32.lib gdi32.lib winspool.lib comdlg32.lib advapi32.lib shell32.lib ole32.lib oleaut32.lib uuid.lib odbc32.lib odbccp32.lib /MANIFEST /MANIFESTUAC:"level='asInvoker' uiAccess='false'" /manifest:embed /Debug /PDB:"C:\Users\user\Downloads\PIE2018\Release\PIE2018.pdb" /SUBSYSTEM:CONSOLE /OPT:REF /OPT:ICF /LTCG:incremental /TLBID:1 /DYNAMICBASE /NXCOMPAT /IMPLIB:"C:\Users\user\Downloads\PIE2018\Release\PIE2018.lib" /MACHINE:X86 /SAFESEH Release\main.obj
         Release\stdafx.obj
     1>opencv_world344.lib(opencv_world344.dll) : fatal error LNK1112: module machine type 'x64' conflicts with target machine type 'X86'
     1>Done Building Project "C:\Users\user\Downloads\PIE2018\PIE2018\PIE2018.vcxproj" (Build target(s)) -- FAILED.

Build FAILED.

Time Elapsed 00:00:00.25
